=================================================================
   ZEP CLOUD FULL INGESTION - AUSTIN ZONING KNOWLEDGE GRAPH
=================================================================

1. Checking user setup...
✓ User exists: austin-zoning-kg
✓ Default ontology disabled

2. Loading all content...
Loading LDC sections...
  Loaded 299 LDC sections
Loading state bills...
  Loaded 2 state bills
   Total items to ingest: 301

3. Ingesting to Zep Cloud...
Waiting 60s for rate limit reset...
✓ Created thread: zoning-full-ingest-20251221-165011

Ingesting 301 items (rate limited to ~4 req/min)...
Estimated time: ~75 minutes
------------------------------------------------------------
  Error on 25-1-111.json: headers: {'date': 'Mon, 22 Dec 2025 00:50:26 GMT', 'content-type': 'application/json; charset=utf-8', 'transfer-encoding': 'chunked', 'connection': 'keep-alive', 'content-encoding': 'gzip', 'vary': 'Origin', 'x-content-type-options': 'nosniff', 'x-ratelimit-limit': '5', 'x-ratelimit-remaining': '1', 'x-ratelimit-reset': '1766364660', 'strict-transport-security': 'max-age=31536000; includeSubDomains', 'cf-cache-status': 'DYNAMIC', 'server': 'cloudflare', 'cf-ray': '9b1ba004fa771a0b-PDX'}, status_code: 403, body: {'message': 'forbidden: Account is over the episode usage limit'}
  Error on 25-1-112.json: headers: {'date': 'Mon, 22 Dec 2025 00:50:41 GMT', 'content-type': 'application/json; charset=utf-8', 'transfer-encoding': 'chunked', 'connection': 'keep-alive', 'content-encoding': 'gzip', 'vary': 'Origin', 'x-content-type-options': 'nosniff', 'x-ratelimit-limit': '5', 'x-ratelimit-remaining': '0', 'x-ratelimit-reset': '1766364660', 'strict-transport-security': 'max-age=31536000; includeSubDomains', 'cf-cache-status': 'DYNAMIC', 'server': 'cloudflare', 'cf-ray': '9b1ba0631b33962a-PDX'}, status_code: 403, body: {'message': 'forbidden: Account is over the episode usage limit'}
  Error on 25-1-131.json: headers: {'date': 'Mon, 22 Dec 2025 00:50:56 GMT', 'content-type': 'application/json; charset=utf-8', 'transfer-encoding': 'chunked', 'connection': 'keep-alive', 'content-encoding': 'gzip', 'vary': 'Origin', 'x-content-type-options': 'nosniff', 'x-ratelimit-limit': '5', 'x-ratelimit-remaining': '0', 'x-ratelimit-reset': '1766364660', 'strict-transport-security': 'max-age=31536000; includeSubDomains', 'cf-cache-status': 'DYNAMIC', 'server': 'cloudflare', 'cf-ray': '9b1ba0c14b44ff1a-PDX'}, status_code: 403, body: {'message': 'forbidden: Account is over the episode usage limit'}
  Error on 25-1-132.json: headers: {'date': 'Mon, 22 Dec 2025 00:51:11 GMT', 'content-type': 'application/json; charset=utf-8', 'transfer-encoding': 'chunked', 'connection': 'keep-alive', 'content-encoding': 'gzip', 'vary': 'Origin', 'x-content-type-options': 'nosniff', 'x-ratelimit-limit': '5', 'x-ratelimit-remaining': '0', 'x-ratelimit-reset': '1766364720', 'strict-transport-security': 'max-age=31536000; includeSubDomains', 'cf-cache-status': 'DYNAMIC', 'report-to': '{"endpoints":[{"url":"https:\\/\\/csp-reporting.cloudflare.com\\/cdn-cgi\\/script_monitor\\/report?m=c_km7rxS2U9aeqwDuCXPeMMSz041AeTeTEwk.2I5GY8-1766364671-1.0.1.1-bwia6RhGn3dydL4Jyr8f9Hfx_1tYLUciSdRAjmuLafGtmGW.D5c3AvPOad4_jQPGjEajLYFR4sHV6h8Ms2OrrMh25Wzftzy2wIqnFPyHqCQQx00hVHgrF4Lz6rpnPzbjt5Vh7hKAPfq2iF6Pdb.qBiWbmkqG6WMR8tMYhMEszoNdos71btvlmy.nxeZ3uveD"}],"group":"cf-csp-endpoint","max_age":86400}', 'content-security-policy-report-only': "script-src 'none'; connect-src 'none'; report-uri https://csp-reporting.cloudflare.com/cdn-cgi/script_monitor/report?m=c_km7rxS2U9aeqwDuCXPeMMSz041AeTeTEwk.2I5GY8-1766364671-1.0.1.1-bwia6RhGn3dydL4Jyr8f9Hfx_1tYLUciSdRAjmuLafGtmGW.D5c3AvPOad4_jQPGjEajLYFR4sHV6h8Ms2OrrMh25Wzftzy2wIqnFPyHqCQQx00hVHgrF4Lz6rpnPzbjt5Vh7hKAPfq2iF6Pdb.qBiWbmkqG6WMR8tMYhMEszoNdos71btvlmy.nxeZ3uveD; report-to cf-csp-endpoint", 'server': 'cloudflare', 'cf-ray': '9b1ba11f7b6ed0a0-PDX'}, status_code: 403, body: {'message': 'forbidden: Account is over the episode usage limit'}
  Error on 25-1-133.json: headers: {'date': 'Mon, 22 Dec 2025 00:51:27 GMT', 'content-type': 'application/json; charset=utf-8', 'transfer-encoding': 'chunked', 'connection': 'keep-alive', 'content-encoding': 'gzip', 'vary': 'Origin', 'x-content-type-options': 'nosniff', 'x-ratelimit-limit': '5', 'x-ratelimit-remaining': '0', 'x-ratelimit-reset': '1766364720', 'strict-transport-security': 'max-age=31536000; includeSubDomains', 'cf-cache-status': 'DYNAMIC', 'server': 'cloudflare', 'cf-ray': '9b1ba17dac48cb73-PDX'}, status_code: 403, body: {'message': 'forbidden: Account is over the episode usage limit'}
    Rate limited, waiting 15s...
  [80/301] 26.6% | Success: 11 | Errors: 69 | ~55min left
  [120/301] 39.9% | Success: 16 | Errors: 104 | ~45min left
  [160/301] 53.2% | Success: 21 | Errors: 139 | ~35min left
  [190/301] 63.1% | Success: 23 | Errors: 167 | ~28min left

=================================================================
   INGESTION COMPLETE
=================================================================
Total Items:    301
Successful:     34
Errors:         267
Time Elapsed:   4687.3 seconds
Thread ID:      zoning-full-ingest-20251221-165011

Failed files:
  - 25-1-111.json
  - 25-1-112.json
  - 25-1-131.json
  - 25-1-132.json
  - 25-1-133.json
  - 25-1-134.json
  - 25-1-151.json
  - 25-1-153.json
  - 25-1-154.json
  - 25-1-181.json
  ... and 257 more

=================================================================
   VIEW YOUR GRAPH
=================================================================
Zep Playground: https://app.getzep.com/
User ID:        austin-zoning-kg
Thread ID:      zoning-full-ingest-20251221-165011

The graph may take a few minutes to fully process.
Refresh the playground to see new entities appear.
=================================================================
